
6월 24, 2020 23:10:29.99 NEW SESSION
6월 24, 2020 23:10:29.99 [11020:7996:0624/231029.988:ERROR:device_event_log_impl.cc(208)] [23:10:29.988] Bluetooth: bluetooth_adapter_winrt.cc:1060 Getting Default Adapter failed.

6월 26, 2020 24:09:02.32 NEW SESSION
6월 26, 2020 24:09:02.32 [9336:8100:0626/000902.328:ERROR:device_event_log_impl.cc(208)] [00:09:02.328] Bluetooth: bluetooth_adapter_winrt.cc:1060 Getting Default Adapter failed.

7월 16, 2020 04:00:31.97 NEW SESSION
7월 16, 2020 04:00:31.97 [9832:5248:0716/040031.977:ERROR:device_event_log_impl.cc(208)] [04:00:31.976] Bluetooth: bluetooth_adapter_winrt.cc:1060 Getting Default Adapter failed.
7월 16, 2020 04:01:51.50 [11040:9644:0716/040151.506:ERROR:device_event_log_impl.cc(208)] [04:01:51.506] Bluetooth: bluetooth_adapter_winrt.cc:1060 Getting Default Adapter failed.

7월 16, 2020 17:57:34.91 NEW SESSION
7월 16, 2020 17:57:34.91 [9764:8316:0716/175734.909:ERROR:device_event_log_impl.cc(208)] [17:57:34.908] Bluetooth: bluetooth_adapter_winrt.cc:1074 Getting Default Adapter failed.
7월 16, 2020 17:59:56.27 [9764:8316:0716/175956.279:ERROR:page_load_metrics_update_dispatcher.cc(165)] Invalid first_paint 0.37 s for first_image_paint 0.365 s
7월 16, 2020 17:59:57.63 [9764:8316:0716/175957.637:ERROR:page_load_metrics_update_dispatcher.cc(165)] Invalid first_paint 0.37 s for first_image_paint 0.365 s
7월 16, 2020 17:59:59.57 [9764:8316:0716/175959.573:ERROR:page_load_metrics_update_dispatcher.cc(165)] Invalid first_paint 0.37 s for first_image_paint 0.365 s
7월 16, 2020 18:27:18.80 [32:7828:0716/182718.808:ERROR:device_event_log_impl.cc(208)] [18:27:18.808] Bluetooth: bluetooth_adapter_winrt.cc:1074 Getting Default Adapter failed.
7월 16, 2020 19:01:41.85 [32:7828:0716/190141.856:ERROR:account_info_fetcher.cc(60)] OnGetTokenFailure: Invalid credentials (credentials rejected by client).
7월 16, 2020 23:15:57.41 [32:6548:0716/231557.418:ERROR:socket_stream.cc(219)] Closing stream with result -2

8월 28, 2020 18:37:30.85 NEW SESSION
8월 28, 2020 18:37:30.85 [1748:3012:0828/183730.855:ERROR:media_history_store.cc(363)] Failed to create or update the media history store.
8월 28, 2020 18:37:36.63 [1748:1940:0828/183736.637:ERROR:device_event_log_impl.cc(208)] [18:37:36.637] Bluetooth: bluetooth_adapter_winrt.cc:1074 Getting Default Adapter failed.

10월 23, 2020 17:44:48.66 NEW SESSION
10월 23, 2020 17:44:48.66 [7196:5568:1023/174448.662:ERROR:device_event_log_impl.cc(208)] [17:44:48.662] Bluetooth: bluetooth_adapter_winrt.cc:1076 Getting Default Adapter failed.
10월 23, 2020 17:46:13.19 [1056:1064:1023/174613.190:ERROR:device_event_log_impl.cc(208)] [17:46:13.191] Bluetooth: bluetooth_adapter_winrt.cc:1076 Getting Default Adapter failed.
10월 23, 2020 18:08:37.81 [13828:11552:1023/180837.815:ERROR:device_event_log_impl.cc(208)] [18:08:37.816] Bluetooth: bluetooth_adapter_winrt.cc:1076 Getting Default Adapter failed.
